Build started 10/8/2015 8:32:03 PM.
     1>Project "C:\Users\admin\Desktop\Anis-HCI\FaceTracker\msvc\face_tracker.vcxproj" on node 2 (Build target(s)).
     1>C:\Program Files (x86)\MSBuild\Microsoft.Cpp\v4.0\V140\Microsoft.CppBuild.targets(392,5): warning MSB8028: The intermediate directory (..\Temp\) contains files shared from another project (Tracker.vcxproj).  This can lead to incorrect clean and rebuild behavior.
     1>ClCompile:
         C:\Program Files (x86)\Microsoft Visual Studio 14.0\VC\bin\CL.exe /c /I..\src\lib /I..\opencv\include /Zi /nologo /W3 /WX- /O2 /Oi /Oy- /GL /D WIN32 /D NDEBUG /D _CONSOLE /D _UNICODE /D UNICODE /Gm- /EHsc /MD /GS /Gy /fp:precise /Zc:wchar_t /Zc:forScope /Zc:inline /Fo"..\Temp\\" /Fd"..\Temp\vc140.pdb" /Gd /TP /analyze- /errorReport:prompt ..\src\exe\face_tracker.cc
         face_tracker.cc
     1>..\src\exe\face_tracker.cc(60): warning C4244: 'argument': conversion from 'double' to 'int', possible loss of data
     1>..\src\exe\face_tracker.cc(62): warning C4244: 'argument': conversion from 'double' to 'int', possible loss of data
     1>..\src\exe\face_tracker.cc(65): warning C4244: 'argument': conversion from 'double' to 'int', possible loss of data
     1>..\src\exe\face_tracker.cc(67): warning C4244: 'argument': conversion from 'double' to 'int', possible loss of data
     1>..\src\exe\face_tracker.cc(70): warning C4244: 'argument': conversion from 'double' to 'int', possible loss of data
     1>..\src\exe\face_tracker.cc(72): warning C4244: 'argument': conversion from 'double' to 'int', possible loss of data
     1>..\src\exe\face_tracker.cc(81): warning C4244: 'argument': conversion from 'double' to 'int', possible loss of data
     1>..\src\exe\face_tracker.cc(83): warning C4244: 'argument': conversion from 'double' to 'int', possible loss of data
     1>..\src\exe\face_tracker.cc(91): warning C4244: 'argument': conversion from 'double' to 'int', possible loss of data
     1>..\src\exe\face_tracker.cc(97): warning C4244: 'argument': conversion from 'double' to 'int', possible loss of data
     1>..\src\exe\face_tracker.cc(98): warning C4244: 'argument': conversion from 'double' to 'int', possible loss of data
     1>..\src\exe\face_tracker.cc(100): warning C4244: '=': conversion from 'double' to 'float', possible loss of data
     1>..\src\exe\face_tracker.cc(106): warning C4244: 'argument': conversion from 'double' to 'int', possible loss of data
     1>..\src\exe\face_tracker.cc(107): warning C4244: 'argument': conversion from 'double' to 'int', possible loss of data
     1>..\src\exe\face_tracker.cc(108): warning C4244: '=': conversion from 'double' to 'float', possible loss of data
     1>..\src\exe\face_tracker.cc(111): warning C4244: 'argument': conversion from 'double' to 'int', possible loss of data
     1>..\src\exe\face_tracker.cc(112): warning C4244: 'argument': conversion from 'double' to 'int', possible loss of data
     1>..\src\exe\face_tracker.cc(113): warning C4244: 'argument': conversion from 'double' to 'int', possible loss of data
     1>..\src\exe\face_tracker.cc(114): warning C4244: 'argument': conversion from 'double' to 'int', possible loss of data
     1>..\src\exe\face_tracker.cc(115): warning C4244: '=': conversion from 'double' to 'float', possible loss of data
     1>..\src\exe\face_tracker.cc(116): warning C4244: '=': conversion from 'double' to 'float', possible loss of data
     1>..\src\exe\face_tracker.cc(196): warning C4244: 'return': conversion from 'double' to 'float', possible loss of data
     1>..\src\exe\face_tracker.cc(237): warning C4244: 'argument': conversion from 'double' to 'int', possible loss of data
       Link:
         C:\Program Files (x86)\Microsoft Visual Studio 14.0\VC\bin\link.exe /ERRORREPORT:PROMPT /OUT:"..\bin\face_tracker.exe" /INCREMENTAL:NO /NOLOGO /LIBPATH:..\opencv\lib /LIBPATH:..\bin Tracker.lib opencv_core249.lib opencv_highgui249.lib opencv_imgproc249.lib opencv_objdetect249.lib kernel32.lib user32.lib gdi32.lib winspool.lib comdlg32.lib advapi32.lib shell32.lib ole32.lib oleaut32.lib uuid.lib odbc32.lib odbccp32.lib /MANIFEST /MANIFESTUAC:"level='asInvoker' uiAccess='false'" /manifest:embed /Debug /PDB:"..\bin\face_tracker.pdb" /SUBSYSTEM:CONSOLE /OPT:REF /OPT:ICF /LTCG:incremental /TLBID:1 /DYNAMICBASE /NXCOMPAT /IMPLIB:"..\bin\face_tracker.lib" /MACHINE:X86 /SAFESEH ..\Temp\face_tracker.obj
         Generating code
         1 of 862 functions ( 0.1%) were compiled, the rest were copied from previous compilation.
           0 functions were new in current compilation
           1 functions had inline decision re-evaluated but remain unchanged
         Finished generating code
         face_tracker.vcxproj -> C:\Users\admin\Desktop\Anis-HCI\FaceTracker\msvc\..\bin\face_tracker.exe
     1>Done Building Project "C:\Users\admin\Desktop\Anis-HCI\FaceTracker\msvc\face_tracker.vcxproj" (Build target(s)).

Build succeeded.

Time Elapsed 00:00:09.47
